<?xml version="1.0" encoding="UTF-8"?>
<testng-results ignored="0" total="1" passed="1" failed="0" skipped="0">
  <reporter-output>
  </reporter-output>
  <suite started-at="2023-05-16T15:13:20 IST" name="Default suite" finished-at="2023-05-16T15:13:23 IST" duration-ms="3184">
    <groups>
    </groups>
    <test started-at="2023-05-16T15:13:20 IST" name="Default test" finished-at="2023-05-16T15:13:23 IST" duration-ms="3184">
      <class name="CollectionOfReq.Delete">
        <test-method signature="TC1()[pri:0, instance:CollectionOfReq.Delete@5ba3f27a]" started-at="2023-05-16T15:13:20 IST" name="TC1" finished-at="2023-05-16T15:13:23 IST" duration-ms="3138" status="PASS">
          <reporter-output>
          </reporter-output>
        </test-method> <!-- TC1 -->
      </class> <!-- CollectionOfReq.Delete -->
    </test> <!-- Default test -->
  </suite> <!-- Default suite -->
</testng-results>
